<?xml version="1.0" encoding="UTF-8"?>
<!-- Generated by org.testng.reporters.JUnitReportReporter -->
<testsuite hostname="LAPTOP-LG2N16NC" failures="0" tests="4" name="com.testNG.selenium.RunBygrouping" time="0.004" errors="0" timestamp="2021-03-22T10:58:32 IST" skipped="0">
  <testcase classname="com.testNG.selenium.RunBygrouping" name="offthecar1" time="0.000"/>
  <system-out/>
  <testcase classname="com.testNG.selenium.RunBygrouping" name="offthecar" time="0.001"/>
  <system-out/>
  <testcase classname="com.testNG.selenium.RunBygrouping" name="FirstGear1" time="0.000"/>
  <system-out/>
  <testcase classname="com.testNG.selenium.RunBygrouping" name="FirstGear" time="0.003"/>
  <system-out/>
</testsuite> <!-- com.testNG.selenium.RunBygrouping -->
