<?xml version="1.0" encoding="UTF-8"?>
<!-- Generated by org.testng.reporters.JUnitReportReporter -->
<testsuite hostname="LAPTOP-LG2N16NC" failures="0" tests="4" name="com.testNG.selenium.Excel_JXL" time="39.693" errors="0" timestamp="2020-08-21T10:24:40 IST" skipped="0">
  <testcase classname="com.testNG.selenium.Excel_JXL" name="login" time="13.235"/>
  <system-out/>
  <testcase classname="com.testNG.selenium.Excel_JXL" name="login" time="8.443"/>
  <system-out/>
  <testcase classname="com.testNG.selenium.Excel_JXL" name="login" time="9.873"/>
  <system-out/>
  <testcase classname="com.testNG.selenium.Excel_JXL" name="login" time="8.142"/>
  <system-out/>
</testsuite> <!-- com.testNG.selenium.Excel_JXL -->
