<?xml version="1.0" encoding="UTF-8"?>
<!-- Generated by org.testng.reporters.JUnitReportReporter -->
<testsuite hostname="LAPTOP-LG2N16NC" failures="0" tests="2" name="com.testNG.selenium.NewTest" time="0.009" errors="0" timestamp="2020-12-17T09:52:50 IST" skipped="0">
  <testcase classname="com.testNG.selenium.NewTest" name="f" time="0.007"/>
  <system-out/>
  <testcase classname="com.testNG.selenium.NewTest" name="f2" time="0.002"/>
  <system-out/>
</testsuite> <!-- com.testNG.selenium.NewTest -->
