<?xml version="1.0" encoding="UTF-8"?>
<!-- Generated by org.testng.reporters.JUnitReportReporter -->
<testsuite hostname="LAPTOP-LG2N16NC" failures="0" tests="4" name="com.testNG.selenium.Excel_JXL" time="47.093" errors="0" timestamp="2020-12-04T14:36:29 IST" skipped="0">
  <testcase classname="com.testNG.selenium.Excel_JXL" name="login" time="16.418"/>
  <system-out/>
  <testcase classname="com.testNG.selenium.Excel_JXL" name="login" time="9.473"/>
  <system-out/>
  <testcase classname="com.testNG.selenium.Excel_JXL" name="login" time="11.602"/>
  <system-out/>
  <testcase classname="com.testNG.selenium.Excel_JXL" name="login" time="9.600"/>
  <system-out/>
</testsuite> <!-- com.testNG.selenium.Excel_JXL -->
