<?xml version="1.0" encoding="UTF-8"?>
<!-- Generated by org.testng.reporters.JUnitReportReporter -->
<testsuite hostname="LAPTOP-LG2N16NC" failures="0" tests="1" name="PoMApproach.DriverClass" time="2.678" errors="0" timestamp="2021-03-31T14:20:46 IST" skipped="0">
  <testcase classname="PoMApproach.DriverClass" name="OpenDriver" time="2.678"/>
  <system-out/>
</testsuite> <!-- PoMApproach.DriverClass -->
