<?xml version="1.0" encoding="UTF-8"?>
<!-- Generated by org.testng.reporters.JUnitReportReporter -->
<testsuite hostname="LAPTOP-LG2N16NC" failures="0" tests="1" name="com.pageObject.selenium.Login_wothout_findby" time="22.114" errors="0" timestamp="2020-11-28T20:29:04 IST" skipped="0">
  <testcase classname="com.pageObject.selenium.Login_wothout_findby" name="login" time="22.114"/>
  <system-out/>
</testsuite> <!-- com.pageObject.selenium.Login_wothout_findby -->
