<?xml version="1.0" encoding="UTF-8"?>
<!-- Generated by org.testng.reporters.JUnitReportReporter -->
<testsuite hostname="LAPTOP-LG2N16NC" failures="0" tests="1" name="PoMApproach.LoginPageTest" time="13.055" errors="0" timestamp="2021-04-01T22:21:34 IST" skipped="0">
  <testcase classname="PoMApproach.LoginPageTest" name="UserLogin" time="13.055"/>
  <system-out/>
</testsuite> <!-- PoMApproach.LoginPageTest -->
