<?xml version="1.0" encoding="UTF-8"?>
<!-- Generated by org.testng.reporters.JUnitReportReporter -->
<testsuite hostname="LAPTOP-LG2N16NC" failures="0" tests="2" name="com.testNG.selenium.Multiple_Times" time="0.009" errors="0" timestamp="2021-03-23T08:41:59 IST" skipped="0">
  <testcase classname="com.testNG.selenium.Multiple_Times" name="f" time="0.001"/>
  <system-out/>
  <testcase classname="com.testNG.selenium.Multiple_Times" name="f" time="0.008"/>
  <system-out/>
</testsuite> <!-- com.testNG.selenium.Multiple_Times -->
