<?xml version="1.0" encoding="UTF-8"?>
<!-- Generated by org.testng.reporters.JUnitReportReporter -->
<testsuite hostname="LAPTOP-LG2N16NC" failures="0" tests="2" name="com.testNG.selenium.RunBygrouping" time="0.012" errors="0" timestamp="2020-08-03T20:11:05 IST" skipped="0">
  <testcase classname="com.testNG.selenium.RunBygrouping" name="startscar1" time="0.001"/>
  <system-out/>
  <testcase classname="com.testNG.selenium.RunBygrouping" name="startscar" time="0.011"/>
  <system-out/>
</testsuite> <!-- com.testNG.selenium.RunBygrouping -->
