<?xml version="1.0" encoding="UTF-8"?>
<!-- Generated by org.testng.reporters.JUnitReportReporter -->
<testsuite hostname="LAPTOP-LG2N16NC" failures="0" tests="3" name="com.testNG.selenium.MultipleSearchEgines" time="62.644" errors="0" timestamp="2021-03-23T08:43:37 IST" skipped="0">
  <testcase classname="com.testNG.selenium.MultipleSearchEgines" name="openyahoo" time="27.617"/>
  <system-out/>
  <testcase classname="com.testNG.selenium.MultipleSearchEgines" name="openbing" time="4.295"/>
  <system-out/>
  <testcase classname="com.testNG.selenium.MultipleSearchEgines" name="opengoogle" time="30.732"/>
  <system-out/>
</testsuite> <!-- com.testNG.selenium.MultipleSearchEgines -->
