<?xml version="1.0" encoding="UTF-8"?>
<!-- Generated by org.testng.reporters.JUnitReportReporter -->
<testsuite hostname="LAPTOP-LG2N16NC" failures="0" tests="1" name="com.pageObject.selenium.Login_PageFactory" time="23.078" errors="0" timestamp="2020-08-17T09:06:09 IST" skipped="0">
  <testcase classname="com.pageObject.selenium.Login_PageFactory" name="login" time="23.078"/>
  <system-out/>
</testsuite> <!-- com.pageObject.selenium.Login_PageFactory -->
