<?xml version="1.0" encoding="UTF-8"?>
<!-- Generated by org.testng.reporters.JUnitReportReporter -->
<testsuite hostname="LAPTOP-LG2N16NC" failures="0" tests="2" name="com.testNG.selenium.NewTest_annotations" time="0.008" errors="0" timestamp="2020-12-16T09:44:52 IST" skipped="0">
  <testcase classname="com.testNG.selenium.NewTest_annotations" name="Test" time="0.007"/>
  <system-out/>
  <testcase classname="com.testNG.selenium.NewTest_annotations" name="Test1" time="0.001"/>
  <system-out/>
</testsuite> <!-- com.testNG.selenium.NewTest_annotations -->
